<?xml version="1.0" encoding="UTF-8"?>
<!-- Generated by org.testng.reporters.JUnitReportReporter -->
<testsuite hostname="DESKTOP-8D0HVFB" failures="0" tests="2" name="qaclickacademy.Mavenjava.AppiumTest" time="0.004" errors="0" timestamp="2021-01-28T17:31:16 GMT-05:00" skipped="0">
  <testcase classname="qaclickacademy.Mavenjava.AppiumTest" name="IosApp" time="0.002"/>
  <system-out/>
  <testcase classname="qaclickacademy.Mavenjava.AppiumTest" name="NativeappAndroid" time="0.002"/>
  <system-out/>
</testsuite> <!-- qaclickacademy.Mavenjava.AppiumTest -->
