<?xml version="1.0" encoding="UTF-8"?>
<!-- Generated by org.testng.reporters.JUnitReportReporter -->
<testsuite hostname="DESKTOP-8D0HVFB" failures="0" tests="2" name="qaclickacademy.Mavenjava.SeleniumTest" time="0.005" errors="0" timestamp="2021-01-28T17:31:16 GMT-05:00" skipped="0">
  <testcase classname="qaclickacademy.Mavenjava.SeleniumTest" name="twitterADD" time="0.002"/>
  <system-out/>
  <testcase classname="qaclickacademy.Mavenjava.SeleniumTest" name="twitterDelete" time="0.003"/>
  <system-out/>
</testsuite> <!-- qaclickacademy.Mavenjava.SeleniumTest -->
