<?xml version="1.0" encoding="UTF-8"?>
<!-- Generated by org.testng.reporters.JUnitReportReporter -->
<testsuite hostname="DESKTOP-8D0HVFB" failures="0" tests="2" name="qaclickacademy.Mavenjava.RESTApiTest" time="0.006" errors="0" timestamp="2021-01-28T17:48:53 GMT-05:00" skipped="0">
  <testcase classname="qaclickacademy.Mavenjava.RESTApiTest" name="BrowserAutomation" time="0.006"/>
  <system-out/>
  <testcase classname="qaclickacademy.Mavenjava.RESTApiTest" name="elementUi" time="0.000"/>
  <system-out/>
</testsuite> <!-- qaclickacademy.Mavenjava.RESTApiTest -->
