<?xml version="1.0" encoding="UTF-8"?>
<!-- Generated by org.testng.reporters.JUnitReportReporter -->
<testsuite hostname="DESKTOP-8D0HVFB" failures="0" tests="2" name="qaclickacademy.Mavenjava.SeleniumTest" time="0.000" errors="0" timestamp="2021-01-28T17:48:37 GMT-05:00" skipped="0">
  <testcase classname="qaclickacademy.Mavenjava.SeleniumTest" name="twitterDelete" time="0.000"/>
  <system-out/>
  <testcase classname="qaclickacademy.Mavenjava.SeleniumTest" name="twitterADD" time="0.000"/>
  <system-out/>
</testsuite> <!-- qaclickacademy.Mavenjava.SeleniumTest -->
